This file contains any messages produced by compilers while
running configure, to aid debugging if configure makes a mistake.

It was created by libmaxminddb configure 1.4.3, which was
generated by GNU Autoconf 2.69.  Invocation command line was

  $ ./configure --disable-shared --disable-binaries --disable-tests --host=x86_64-pc-linux-gnu

## --------- ##
## Platform. ##
## --------- ##

hostname = nopnotme
uname -m = x86_64
uname -r = 4.4.0-186-generic
uname -s = Linux
uname -v = #216-Ubuntu SMP Wed Jul 1 05:34:05 UTC 2020

/usr/bin/uname -p = unknown
/bin/uname -X     = unknown

/bin/arch              = unknown
/usr/bin/arch -k       = unknown
/usr/convex/getsysinfo = unknown
/usr/bin/hostinfo      = unknown
/bin/machine           = unknown
/usr/bin/oslevel       = unknown
/bin/universe          = unknown

PATH: /usr/local/sbin
PATH: /usr/local/bin
PATH: /usr/sbin
PATH: /usr/bin
PATH: /sbin
PATH: /bin
PATH: /usr/games
PATH: /usr/local/games
PATH: /snap/bin


## ----------- ##
## Core tests. ##
## ----------- ##

configure:2381: checking for x86_64-pc-linux-gnu-pkg-config
configure:2399: found /usr/bin/x86_64-pc-linux-gnu-pkg-config
configure:2411: result: /usr/bin/x86_64-pc-linux-gnu-pkg-config
configure:2479: checking pkg-config is at least version 0.9.0
configure:2482: result: yes
configure:2566: checking build system type
configure:2580: result: x86_64-pc-linux-gnu
configure:2600: checking host system type
configure:2613: result: x86_64-pc-linux-gnu
configure:2654: checking how to print strings
configure:2681: result: printf
configure:2713: checking for x86_64-pc-linux-gnu-gcc
configure:2743: result: no
configure:2753: checking for gcc
configure:2769: found /usr/bin/gcc
configure:2780: result: gcc
configure:3009: checking for C compiler version
configure:3018: gcc --version >&5
gcc (Ubuntu 5.4.0-6ubuntu1~16.04.12) 5.4.0 20160609
Copyright (C) 2015 Free Software Foundation, Inc.
This is free software; see the source for copying conditions.  There is NO
warranty; not even for MERCHANTABILITY or FITNESS FOR A PARTICULAR PURPOSE.

configure:3029: $? = 0
configure:3018: gcc -v >&5
Using built-in specs.
COLLECT_GCC=gcc
COLLECT_LTO_WRAPPER=/usr/lib/gcc/x86_64-linux-gnu/5/lto-wrapper
Target: x86_64-linux-gnu
Configured with: ../src/configure -v --with-pkgversion='Ubuntu 5.4.0-6ubuntu1~16.04.12' --with-bugurl=file:///usr/share/doc/gcc-5/README.Bugs --enable-languages=c,ada,c++,java,go,d,fortran,objc,obj-c++ --prefix=/usr --program-suffix=-5 --enable-shared --enable-linker-build-id --libexecdir=/usr/lib --without-included-gettext --enable-threads=posix --libdir=/usr/lib --enable-nls --with-sysroot=/ --enable-clocale=gnu --enable-libstdcxx-debug --enable-libstdcxx-time=yes --with-default-libstdcxx-abi=new --enable-gnu-unique-object --disable-vtable-verify --enable-libmpx --enable-plugin --with-system-zlib --disable-browser-plugin --enable-java-awt=gtk --enable-gtk-cairo --with-java-home=/usr/lib/jvm/java-1.5.0-gcj-5-amd64/jre --enable-java-home --with-jvm-root-dir=/usr/lib/jvm/java-1.5.0-gcj-5-amd64 --with-jvm-jar-dir=/usr/lib/jvm-exports/java-1.5.0-gcj-5-amd64 --with-arch-directory=amd64 --with-ecj-jar=/usr/share/java/eclipse-ecj.jar --enable-objc-gc --enable-multiarch --disable-werror --with-arch-32=i686 --with-abi=m64 --with-multilib-list=m32,m64,mx32 --enable-multilib --with-tune=generic --enable-checking=release --build=x86_64-linux-gnu --host=x86_64-linux-gnu --target=x86_64-linux-gnu
Thread model: posix
gcc version 5.4.0 20160609 (Ubuntu 5.4.0-6ubuntu1~16.04.12) 
configure:3029: $? = 0
configure:3018: gcc -V >&5
gcc: error: unrecognized command line option '-V'
gcc: fatal error: no input files
compilation terminated.
configure:3029: $? = 1
configure:3018: gcc -qversion >&5
gcc: error: unrecognized command line option '-qversion'
gcc: fatal error: no input files
compilation terminated.
configure:3029: $? = 1
configure:3049: checking whether the C compiler works
configure:3071: gcc    conftest.c  >&5
configure:3075: $? = 0
configure:3123: result: yes
configure:3126: checking for C compiler default output file name
configure:3128: result: a.out
configure:3134: checking for suffix of executables
configure:3141: gcc -o conftest    conftest.c  >&5
configure:3145: $? = 0
configure:3167: result: 
configure:3189: checking whether we are cross compiling
configure:3197: gcc -o conftest    conftest.c  >&5
configure:3201: $? = 0
configure:3208: ./conftest
configure:3212: $? = 0
configure:3227: result: no
configure:3232: checking for suffix of object files
configure:3254: gcc -c   conftest.c >&5
configure:3258: $? = 0
configure:3279: result: o
configure:3283: checking whether we are using the GNU C compiler
configure:3302: gcc -c   conftest.c >&5
configure:3302: $? = 0
configure:3311: result: yes
configure:3320: checking whether gcc accepts -g
configure:3340: gcc -c -g  conftest.c >&5
configure:3340: $? = 0
configure:3381: result: yes
configure:3398: checking for gcc option to accept ISO C89
configure:3461: gcc  -c -g -O2  conftest.c >&5
configure:3461: $? = 0
configure:3474: result: none needed
configure:3499: checking whether gcc understands -c and -o together
configure:3521: gcc -c conftest.c -o conftest2.o
configure:3524: $? = 0
configure:3521: gcc -c conftest.c -o conftest2.o
configure:3524: $? = 0
configure:3536: result: yes
configure:3553: checking for a sed that does not truncate output
configure:3617: result: /bin/sed
configure:3635: checking for grep that handles long lines and -e
configure:3693: result: /bin/grep
configure:3698: checking for egrep
configure:3760: result: /bin/grep -E
configure:3765: checking for fgrep
configure:3827: result: /bin/grep -F
configure:3862: checking for ld used by gcc
configure:3929: result: /usr/bin/ld
configure:3936: checking if the linker (/usr/bin/ld) is GNU ld
configure:3951: result: yes
configure:3963: checking for BSD- or MS-compatible name lister (nm)
configure:4017: result: /usr/bin/nm -B
configure:4147: checking the name lister (/usr/bin/nm -B) interface
configure:4154: gcc -c -g -O2  conftest.c >&5
configure:4157: /usr/bin/nm -B "conftest.o"
configure:4160: output
0000000000000000 B some_variable
configure:4167: result: BSD nm
configure:4170: checking whether ln -s works
configure:4174: result: yes
configure:4182: checking the maximum length of command line arguments
configure:4313: result: 1572864
configure:4361: checking how to convert x86_64-pc-linux-gnu file names to x86_64-pc-linux-gnu format
configure:4401: result: func_convert_file_noop
configure:4408: checking how to convert x86_64-pc-linux-gnu file names to toolchain format
configure:4428: result: func_convert_file_noop
configure:4435: checking for /usr/bin/ld option to reload object files
configure:4442: result: -r
configure:4476: checking for x86_64-pc-linux-gnu-objdump
configure:4506: result: no
configure:4516: checking for objdump
configure:4532: found /usr/bin/objdump
configure:4543: result: objdump
configure:4575: checking how to recognize dependent libraries
configure:4775: result: pass_all
configure:4820: checking for x86_64-pc-linux-gnu-dlltool
configure:4850: result: no
configure:4860: checking for dlltool
configure:4890: result: no
configure:4920: checking how to associate runtime and link libraries
configure:4947: result: printf %s\n
configure:4964: checking for x86_64-pc-linux-gnu-ar
configure:4994: result: no
configure:5008: checking for ar
configure:5024: found /usr/bin/ar
configure:5035: result: ar
configure:5072: checking for archiver @FILE support
configure:5089: gcc -c -g -O2  conftest.c >&5
configure:5089: $? = 0
configure:5092: ar cru libconftest.a @conftest.lst >&5
ar: `u' modifier ignored since `D' is the default (see `U')
configure:5095: $? = 0
configure:5100: ar cru libconftest.a @conftest.lst >&5
ar: `u' modifier ignored since `D' is the default (see `U')
ar: conftest.o: No such file or directory
configure:5103: $? = 1
configure:5115: result: @
configure:5133: checking for x86_64-pc-linux-gnu-strip
configure:5163: result: no
configure:5173: checking for strip
configure:5189: found /usr/bin/strip
configure:5200: result: strip
configure:5232: checking for x86_64-pc-linux-gnu-ranlib
configure:5262: result: no
configure:5272: checking for ranlib
configure:5288: found /usr/bin/ranlib
configure:5299: result: ranlib
configure:5376: checking for gawk
configure:5392: found /usr/bin/gawk
configure:5403: result: gawk
configure:5443: checking command to parse /usr/bin/nm -B output from gcc object
configure:5596: gcc -c -g -O2  conftest.c >&5
configure:5599: $? = 0
configure:5603: /usr/bin/nm -B conftest.o \| sed -n -e 's/^.*[ ]\([ABCDGIRSTW][ABCDGIRSTW]*\)[ ][ ]*\([_A-Za-z][_A-Za-z0-9]*\)$/\1 \2 \2/p' | sed '/ __gnu_lto/d' \> conftest.nm
configure:5606: $? = 0
configure:5672: gcc -o conftest -g -O2   conftest.c conftstm.o >&5
configure:5675: $? = 0
configure:5713: result: ok
configure:5760: checking for sysroot
configure:5790: result: no
configure:5797: checking for a working dd
configure:5835: result: /bin/dd
configure:5839: checking how to truncate binary pipes
configure:5854: result: /bin/dd bs=4096 count=1
configure:5990: gcc -c -g -O2  conftest.c >&5
configure:5993: $? = 0
configure:6143: checking for x86_64-pc-linux-gnu-mt
configure:6173: result: no
configure:6183: checking for mt
configure:6199: found /bin/mt
configure:6210: result: mt
configure:6233: checking if mt is a manifest tool
configure:6239: mt '-?'
configure:6247: result: no
configure:6924: checking how to run the C preprocessor
configure:6955: gcc -E  conftest.c
configure:6955: $? = 0
configure:6969: gcc -E  conftest.c
conftest.c:9:28: fatal error: ac_nonexistent.h: No such file or directory
compilation terminated.
configure:6969: $? = 1
configure: failed program was:
| /* confdefs.h */
| #define PACKAGE_NAME "libmaxminddb"
| #define PACKAGE_TARNAME "libmaxminddb"
| #define PACKAGE_VERSION "1.4.3"
| #define PACKAGE_STRING "libmaxminddb 1.4.3"
| #define PACKAGE_BUGREPORT "support@maxmind.com"
| #define PACKAGE_URL ""
| /* end confdefs.h.  */
| #include <ac_nonexistent.h>
configure:6994: result: gcc -E
configure:7014: gcc -E  conftest.c
configure:7014: $? = 0
configure:7028: gcc -E  conftest.c
conftest.c:9:28: fatal error: ac_nonexistent.h: No such file or directory
compilation terminated.
configure:7028: $? = 1
configure: failed program was:
| /* confdefs.h */
| #define PACKAGE_NAME "libmaxminddb"
| #define PACKAGE_TARNAME "libmaxminddb"
| #define PACKAGE_VERSION "1.4.3"
| #define PACKAGE_STRING "libmaxminddb 1.4.3"
| #define PACKAGE_BUGREPORT "support@maxmind.com"
| #define PACKAGE_URL ""
| /* end confdefs.h.  */
| #include <ac_nonexistent.h>
configure:7057: checking for ANSI C header files
configure:7077: gcc -c -g -O2  conftest.c >&5
configure:7077: $? = 0
configure:7150: gcc -o conftest -g -O2   conftest.c  >&5
configure:7150: $? = 0
configure:7150: ./conftest
configure:7150: $? = 0
configure:7161: result: yes
configure:7174: checking for sys/types.h
configure:7174: gcc -c -g -O2  conftest.c >&5
configure:7174: $? = 0
configure:7174: result: yes
configure:7174: checking for sys/stat.h
configure:7174: gcc -c -g -O2  conftest.c >&5
configure:7174: $? = 0
configure:7174: result: yes
configure:7174: checking for stdlib.h
configure:7174: gcc -c -g -O2  conftest.c >&5
configure:7174: $? = 0
configure:7174: result: yes
configure:7174: checking for string.h
configure:7174: gcc -c -g -O2  conftest.c >&5
configure:7174: $? = 0
configure:7174: result: yes
configure:7174: checking for memory.h
configure:7174: gcc -c -g -O2  conftest.c >&5
configure:7174: $? = 0
configure:7174: result: yes
configure:7174: checking for strings.h
configure:7174: gcc -c -g -O2  conftest.c >&5
configure:7174: $? = 0
configure:7174: result: yes
configure:7174: checking for inttypes.h
configure:7174: gcc -c -g -O2  conftest.c >&5
configure:7174: $? = 0
configure:7174: result: yes
configure:7174: checking for stdint.h
configure:7174: gcc -c -g -O2  conftest.c >&5
configure:7174: $? = 0
configure:7174: result: yes
configure:7174: checking for unistd.h
configure:7174: gcc -c -g -O2  conftest.c >&5
configure:7174: $? = 0
configure:7174: result: yes
configure:7188: checking for dlfcn.h
configure:7188: gcc -c -g -O2  conftest.c >&5
configure:7188: $? = 0
configure:7188: result: yes
configure:7444: checking for objdir
configure:7459: result: .libs
configure:7719: checking if gcc supports -fno-rtti -fno-exceptions
configure:7737: gcc -c -g -O2  -fno-rtti -fno-exceptions conftest.c >&5
cc1: warning: command line option '-fno-rtti' is valid for C++/ObjC++ but not for C
configure:7741: $? = 0
configure:7754: result: no
configure:8112: checking for gcc option to produce PIC
configure:8119: result: -fPIC -DPIC
configure:8127: checking if gcc PIC flag -fPIC -DPIC works
configure:8145: gcc -c -g -O2  -fPIC -DPIC -DPIC conftest.c >&5
configure:8149: $? = 0
configure:8162: result: yes
configure:8191: checking if gcc static flag -static works
configure:8219: result: yes
configure:8234: checking if gcc supports -c -o file.o
configure:8255: gcc -c -g -O2  -o out/conftest2.o conftest.c >&5
configure:8259: $? = 0
configure:8281: result: yes
configure:8289: checking if gcc supports -c -o file.o
configure:8336: result: yes
configure:8369: checking whether the gcc linker (/usr/bin/ld -m elf_x86_64) supports shared libraries
configure:9632: result: yes
configure:9872: checking dynamic linker characteristics
configure:10453: gcc -o conftest -g -O2   -Wl,-rpath -Wl,/foo conftest.c  >&5
configure:10453: $? = 0
configure:10702: result: GNU/Linux ld.so
configure:10824: checking how to hardcode library paths into programs
configure:10849: result: immediate
configure:11397: checking whether stripping libraries is possible
configure:11402: result: yes
configure:11437: checking if libtool supports shared libraries
configure:11439: result: yes
configure:11442: checking whether to build shared libraries
configure:11467: result: no
configure:11470: checking whether to build static libraries
configure:11474: result: yes
configure:11527: checking for a BSD-compatible install
configure:11595: result: /usr/bin/install -c
configure:11606: checking whether build environment is sane
configure:11661: result: yes
configure:11809: checking for a thread-safe mkdir -p
configure:11848: result: /bin/mkdir -p
configure:11851: checking whether make sets $(MAKE)
configure:11873: result: yes
configure:11903: checking for style of include used by make
configure:11931: result: GNU
configure:11965: checking whether make supports nested variables
configure:11982: result: yes
configure:12067: checking dependency style of gcc
configure:12178: result: gcc3
configure:12238: checking for gcc option to accept ISO C99
configure:12387: gcc  -c -g -O2  conftest.c >&5
configure:12387: $? = 0
configure:12400: result: none needed
configure:12425: checking whether compiler accepts "-fms-extensions"
configure:12434: result: yes
configure:12452: checking for C/C++ restrict keyword
configure:12477: gcc -c -g  -fms-extensions  conftest.c >&5
configure:12477: $? = 0
configure:12485: result: __restrict
configure:12502: checking arpa/inet.h usability
configure:12502: gcc -c -g  -fms-extensions  conftest.c >&5
configure:12502: $? = 0
configure:12502: result: yes
configure:12502: checking arpa/inet.h presence
configure:12502: gcc -E  conftest.c
configure:12502: $? = 0
configure:12502: result: yes
configure:12502: checking for arpa/inet.h
configure:12502: result: yes
configure:12502: checking assert.h usability
configure:12502: gcc -c -g  -fms-extensions  conftest.c >&5
configure:12502: $? = 0
configure:12502: result: yes
configure:12502: checking assert.h presence
configure:12502: gcc -E  conftest.c
configure:12502: $? = 0
configure:12502: result: yes
configure:12502: checking for assert.h
configure:12502: result: yes
configure:12502: checking fcntl.h usability
configure:12502: gcc -c -g  -fms-extensions  conftest.c >&5
configure:12502: $? = 0
configure:12502: result: yes
configure:12502: checking fcntl.h presence
configure:12502: gcc -E  conftest.c
configure:12502: $? = 0
configure:12502: result: yes
configure:12502: checking for fcntl.h
configure:12502: result: yes
configure:12502: checking for inttypes.h
configure:12502: result: yes
configure:12502: checking libgen.h usability
configure:12502: gcc -c -g  -fms-extensions  conftest.c >&5
configure:12502: $? = 0
configure:12502: result: yes
configure:12502: checking libgen.h presence
configure:12502: gcc -E  conftest.c
configure:12502: $? = 0
configure:12502: result: yes
configure:12502: checking for libgen.h
configure:12502: result: yes
configure:12502: checking math.h usability
configure:12502: gcc -c -g  -fms-extensions  conftest.c >&5
configure:12502: $? = 0
configure:12502: result: yes
configure:12502: checking math.h presence
configure:12502: gcc -E  conftest.c
configure:12502: $? = 0
configure:12502: result: yes
configure:12502: checking for math.h
configure:12502: result: yes
configure:12502: checking netdb.h usability
configure:12502: gcc -c -g  -fms-extensions  conftest.c >&5
configure:12502: $? = 0
configure:12502: result: yes
configure:12502: checking netdb.h presence
configure:12502: gcc -E  conftest.c
configure:12502: $? = 0
configure:12502: result: yes
configure:12502: checking for netdb.h
configure:12502: result: yes
configure:12502: checking netinet/in.h usability
configure:12502: gcc -c -g  -fms-extensions  conftest.c >&5
configure:12502: $? = 0
configure:12502: result: yes
configure:12502: checking netinet/in.h presence
configure:12502: gcc -E  conftest.c
configure:12502: $? = 0
configure:12502: result: yes
configure:12502: checking for netinet/in.h
configure:12502: result: yes
configure:12502: checking stdarg.h usability
configure:12502: gcc -c -g  -fms-extensions  conftest.c >&5
configure:12502: $? = 0
configure:12502: result: yes
configure:12502: checking stdarg.h presence
configure:12502: gcc -E  conftest.c
configure:12502: $? = 0
configure:12502: result: yes
configure:12502: checking for stdarg.h
configure:12502: result: yes
configure:12502: checking stdbool.h usability
configure:12502: gcc -c -g  -fms-extensions  conftest.c >&5
configure:12502: $? = 0
configure:12502: result: yes
configure:12502: checking stdbool.h presence
configure:12502: gcc -E  conftest.c
configure:12502: $? = 0
configure:12502: result: yes
configure:12502: checking for stdbool.h
configure:12502: result: yes
configure:12502: checking for stdint.h
configure:12502: result: yes
configure:12502: checking stdio.h usability
configure:12502: gcc -c -g  -fms-extensions  conftest.c >&5
configure:12502: $? = 0
configure:12502: result: yes
configure:12502: checking stdio.h presence
configure:12502: gcc -E  conftest.c
configure:12502: $? = 0
configure:12502: result: yes
configure:12502: checking for stdio.h
configure:12502: result: yes
configure:12502: checking for stdlib.h
configure:12502: result: yes
configure:12502: checking for string.h
configure:12502: result: yes
configure:12502: checking sys/mman.h usability
configure:12502: gcc -c -g  -fms-extensions  conftest.c >&5
configure:12502: $? = 0
configure:12502: result: yes
configure:12502: checking sys/mman.h presence
configure:12502: gcc -E  conftest.c
configure:12502: $? = 0
configure:12502: result: yes
configure:12502: checking for sys/mman.h
configure:12502: result: yes
configure:12502: checking sys/socket.h usability
configure:12502: gcc -c -g  -fms-extensions  conftest.c >&5
configure:12502: $? = 0
configure:12502: result: yes
configure:12502: checking sys/socket.h presence
configure:12502: gcc -E  conftest.c
configure:12502: $? = 0
configure:12502: result: yes
configure:12502: checking for sys/socket.h
configure:12502: result: yes
configure:12502: checking for sys/stat.h
configure:12502: result: yes
configure:12502: checking sys/time.h usability
configure:12502: gcc -c -g  -fms-extensions  conftest.c >&5
configure:12502: $? = 0
configure:12502: result: yes
configure:12502: checking sys/time.h presence
configure:12502: gcc -E  conftest.c
configure:12502: $? = 0
configure:12502: result: yes
configure:12502: checking for sys/time.h
configure:12502: result: yes
configure:12502: checking for sys/types.h
configure:12502: result: yes
configure:12502: checking for unistd.h
configure:12502: result: yes
configure:12524: checking for off_t
configure:12524: gcc -c -g  -fms-extensions  conftest.c >&5
configure:12524: $? = 0
configure:12524: gcc -c -g  -fms-extensions  conftest.c >&5
conftest.c: In function 'main':
conftest.c:80:20: error: expected expression before ')' token
 if (sizeof ((off_t)))
                    ^
configure:12524: $? = 1
configure: failed program was:
| /* confdefs.h */
| #define PACKAGE_NAME "libmaxminddb"
| #define PACKAGE_TARNAME "libmaxminddb"
| #define PACKAGE_VERSION "1.4.3"
| #define PACKAGE_STRING "libmaxminddb 1.4.3"
| #define PACKAGE_BUGREPORT "support@maxmind.com"
| #define PACKAGE_URL ""
| #define STDC_HEADERS 1
| #define HAVE_SYS_TYPES_H 1
| #define HAVE_SYS_STAT_H 1
| #define HAVE_STDLIB_H 1
| #define HAVE_STRING_H 1
| #define HAVE_MEMORY_H 1
| #define HAVE_STRINGS_H 1
| #define HAVE_INTTYPES_H 1
| #define HAVE_STDINT_H 1
| #define HAVE_UNISTD_H 1
| #define HAVE_DLFCN_H 1
| #define LT_OBJDIR ".libs/"
| #define PACKAGE "libmaxminddb"
| #define VERSION "1.4.3"
| #define restrict __restrict
| #define HAVE_ARPA_INET_H 1
| #define HAVE_ASSERT_H 1
| #define HAVE_FCNTL_H 1
| #define HAVE_INTTYPES_H 1
| #define HAVE_LIBGEN_H 1
| #define HAVE_MATH_H 1
| #define HAVE_NETDB_H 1
| #define HAVE_NETINET_IN_H 1
| #define HAVE_STDARG_H 1
| #define HAVE_STDBOOL_H 1
| #define HAVE_STDINT_H 1
| #define HAVE_STDIO_H 1
| #define HAVE_STDLIB_H 1
| #define HAVE_STRING_H 1
| #define HAVE_SYS_MMAN_H 1
| #define HAVE_SYS_SOCKET_H 1
| #define HAVE_SYS_STAT_H 1
| #define HAVE_SYS_TIME_H 1
| #define HAVE_SYS_TYPES_H 1
| #define HAVE_UNISTD_H 1
| /* end confdefs.h.  */
| #include <stdio.h>
| #ifdef HAVE_SYS_TYPES_H
| # include <sys/types.h>
| #endif
| #ifdef HAVE_SYS_STAT_H
| # include <sys/stat.h>
| #endif
| #ifdef STDC_HEADERS
| # include <stdlib.h>
| # include <stddef.h>
| #else
| # ifdef HAVE_STDLIB_H
| #  include <stdlib.h>
| # endif
| #endif
| #ifdef HAVE_STRING_H
| # if !defined STDC_HEADERS && defined HAVE_MEMORY_H
| #  include <memory.h>
| # endif
| # include <string.h>
| #endif
| #ifdef HAVE_STRINGS_H
| # include <strings.h>
| #endif
| #ifdef HAVE_INTTYPES_H
| # include <inttypes.h>
| #endif
| #ifdef HAVE_STDINT_H
| # include <stdint.h>
| #endif
| #ifdef HAVE_UNISTD_H
| # include <unistd.h>
| #endif
| int
| main ()
| {
| if (sizeof ((off_t)))
| 	    return 0;
|   ;
|   return 0;
| }
configure:12524: result: yes
configure:12535: checking for size_t
configure:12535: gcc -c -g  -fms-extensions  conftest.c >&5
configure:12535: $? = 0
configure:12535: gcc -c -g  -fms-extensions  conftest.c >&5
conftest.c: In function 'main':
conftest.c:80:21: error: expected expression before ')' token
 if (sizeof ((size_t)))
                     ^
configure:12535: $? = 1
configure: failed program was:
| /* confdefs.h */
| #define PACKAGE_NAME "libmaxminddb"
| #define PACKAGE_TARNAME "libmaxminddb"
| #define PACKAGE_VERSION "1.4.3"
| #define PACKAGE_STRING "libmaxminddb 1.4.3"
| #define PACKAGE_BUGREPORT "support@maxmind.com"
| #define PACKAGE_URL ""
| #define STDC_HEADERS 1
| #define HAVE_SYS_TYPES_H 1
| #define HAVE_SYS_STAT_H 1
| #define HAVE_STDLIB_H 1
| #define HAVE_STRING_H 1
| #define HAVE_MEMORY_H 1
| #define HAVE_STRINGS_H 1
| #define HAVE_INTTYPES_H 1
| #define HAVE_STDINT_H 1
| #define HAVE_UNISTD_H 1
| #define HAVE_DLFCN_H 1
| #define LT_OBJDIR ".libs/"
| #define PACKAGE "libmaxminddb"
| #define VERSION "1.4.3"
| #define restrict __restrict
| #define HAVE_ARPA_INET_H 1
| #define HAVE_ASSERT_H 1
| #define HAVE_FCNTL_H 1
| #define HAVE_INTTYPES_H 1
| #define HAVE_LIBGEN_H 1
| #define HAVE_MATH_H 1
| #define HAVE_NETDB_H 1
| #define HAVE_NETINET_IN_H 1
| #define HAVE_STDARG_H 1
| #define HAVE_STDBOOL_H 1
| #define HAVE_STDINT_H 1
| #define HAVE_STDIO_H 1
| #define HAVE_STDLIB_H 1
| #define HAVE_STRING_H 1
| #define HAVE_SYS_MMAN_H 1
| #define HAVE_SYS_SOCKET_H 1
| #define HAVE_SYS_STAT_H 1
| #define HAVE_SYS_TIME_H 1
| #define HAVE_SYS_TYPES_H 1
| #define HAVE_UNISTD_H 1
| /* end confdefs.h.  */
| #include <stdio.h>
| #ifdef HAVE_SYS_TYPES_H
| # include <sys/types.h>
| #endif
| #ifdef HAVE_SYS_STAT_H
| # include <sys/stat.h>
| #endif
| #ifdef STDC_HEADERS
| # include <stdlib.h>
| # include <stddef.h>
| #else
| # ifdef HAVE_STDLIB_H
| #  include <stdlib.h>
| # endif
| #endif
| #ifdef HAVE_STRING_H
| # if !defined STDC_HEADERS && defined HAVE_MEMORY_H
| #  include <memory.h>
| # endif
| # include <string.h>
| #endif
| #ifdef HAVE_STRINGS_H
| # include <strings.h>
| #endif
| #ifdef HAVE_INTTYPES_H
| # include <inttypes.h>
| #endif
| #ifdef HAVE_STDINT_H
| # include <stdint.h>
| #endif
| #ifdef HAVE_UNISTD_H
| # include <unistd.h>
| #endif
| int
| main ()
| {
| if (sizeof ((size_t)))
| 	    return 0;
|   ;
|   return 0;
| }
configure:12535: result: yes
configure:12546: checking for ssize_t
configure:12546: gcc -c -g  -fms-extensions  conftest.c >&5
configure:12546: $? = 0
configure:12546: gcc -c -g  -fms-extensions  conftest.c >&5
conftest.c: In function 'main':
conftest.c:80:22: error: expected expression before ')' token
 if (sizeof ((ssize_t)))
                      ^
configure:12546: $? = 1
configure: failed program was:
| /* confdefs.h */
| #define PACKAGE_NAME "libmaxminddb"
| #define PACKAGE_TARNAME "libmaxminddb"
| #define PACKAGE_VERSION "1.4.3"
| #define PACKAGE_STRING "libmaxminddb 1.4.3"
| #define PACKAGE_BUGREPORT "support@maxmind.com"
| #define PACKAGE_URL ""
| #define STDC_HEADERS 1
| #define HAVE_SYS_TYPES_H 1
| #define HAVE_SYS_STAT_H 1
| #define HAVE_STDLIB_H 1
| #define HAVE_STRING_H 1
| #define HAVE_MEMORY_H 1
| #define HAVE_STRINGS_H 1
| #define HAVE_INTTYPES_H 1
| #define HAVE_STDINT_H 1
| #define HAVE_UNISTD_H 1
| #define HAVE_DLFCN_H 1
| #define LT_OBJDIR ".libs/"
| #define PACKAGE "libmaxminddb"
| #define VERSION "1.4.3"
| #define restrict __restrict
| #define HAVE_ARPA_INET_H 1
| #define HAVE_ASSERT_H 1
| #define HAVE_FCNTL_H 1
| #define HAVE_INTTYPES_H 1
| #define HAVE_LIBGEN_H 1
| #define HAVE_MATH_H 1
| #define HAVE_NETDB_H 1
| #define HAVE_NETINET_IN_H 1
| #define HAVE_STDARG_H 1
| #define HAVE_STDBOOL_H 1
| #define HAVE_STDINT_H 1
| #define HAVE_STDIO_H 1
| #define HAVE_STDLIB_H 1
| #define HAVE_STRING_H 1
| #define HAVE_SYS_MMAN_H 1
| #define HAVE_SYS_SOCKET_H 1
| #define HAVE_SYS_STAT_H 1
| #define HAVE_SYS_TIME_H 1
| #define HAVE_SYS_TYPES_H 1
| #define HAVE_UNISTD_H 1
| /* end confdefs.h.  */
| #include <stdio.h>
| #ifdef HAVE_SYS_TYPES_H
| # include <sys/types.h>
| #endif
| #ifdef HAVE_SYS_STAT_H
| # include <sys/stat.h>
| #endif
| #ifdef STDC_HEADERS
| # include <stdlib.h>
| # include <stddef.h>
| #else
| # ifdef HAVE_STDLIB_H
| #  include <stdlib.h>
| # endif
| #endif
| #ifdef HAVE_STRING_H
| # if !defined STDC_HEADERS && defined HAVE_MEMORY_H
| #  include <memory.h>
| # endif
| # include <string.h>
| #endif
| #ifdef HAVE_STRINGS_H
| # include <strings.h>
| #endif
| #ifdef HAVE_INTTYPES_H
| # include <inttypes.h>
| #endif
| #ifdef HAVE_STDINT_H
| # include <stdint.h>
| #endif
| #ifdef HAVE_UNISTD_H
| # include <unistd.h>
| #endif
| int
| main ()
| {
| if (sizeof ((ssize_t)))
| 	    return 0;
|   ;
|   return 0;
| }
configure:12546: result: yes
configure:12557: checking for uint8_t
configure:12557: gcc -c -g  -fms-extensions  conftest.c >&5
configure:12557: $? = 0
configure:12557: result: yes
configure:12571: checking for uint32_t
configure:12571: gcc -c -g  -fms-extensions  conftest.c >&5
configure:12571: $? = 0
configure:12571: result: yes
configure:12585: checking for uint64_t
configure:12585: gcc -c -g  -fms-extensions  conftest.c >&5
configure:12585: $? = 0
configure:12585: result: yes
configure:12616: checking for unsigned __int128
configure:12616: gcc -c -g  -fms-extensions  conftest.c >&5
configure:12616: $? = 0
configure:12616: gcc -c -g  -fms-extensions  conftest.c >&5
conftest.c: In function 'main':
conftest.c:80:32: error: expected expression before ')' token
 if (sizeof ((unsigned __int128)))
                                ^
configure:12616: $? = 1
configure: failed program was:
| /* confdefs.h */
| #define PACKAGE_NAME "libmaxminddb"
| #define PACKAGE_TARNAME "libmaxminddb"
| #define PACKAGE_VERSION "1.4.3"
| #define PACKAGE_STRING "libmaxminddb 1.4.3"
| #define PACKAGE_BUGREPORT "support@maxmind.com"
| #define PACKAGE_URL ""
| #define STDC_HEADERS 1
| #define HAVE_SYS_TYPES_H 1
| #define HAVE_SYS_STAT_H 1
| #define HAVE_STDLIB_H 1
| #define HAVE_STRING_H 1
| #define HAVE_MEMORY_H 1
| #define HAVE_STRINGS_H 1
| #define HAVE_INTTYPES_H 1
| #define HAVE_STDINT_H 1
| #define HAVE_UNISTD_H 1
| #define HAVE_DLFCN_H 1
| #define LT_OBJDIR ".libs/"
| #define PACKAGE "libmaxminddb"
| #define VERSION "1.4.3"
| #define restrict __restrict
| #define HAVE_ARPA_INET_H 1
| #define HAVE_ASSERT_H 1
| #define HAVE_FCNTL_H 1
| #define HAVE_INTTYPES_H 1
| #define HAVE_LIBGEN_H 1
| #define HAVE_MATH_H 1
| #define HAVE_NETDB_H 1
| #define HAVE_NETINET_IN_H 1
| #define HAVE_STDARG_H 1
| #define HAVE_STDBOOL_H 1
| #define HAVE_STDINT_H 1
| #define HAVE_STDIO_H 1
| #define HAVE_STDLIB_H 1
| #define HAVE_STRING_H 1
| #define HAVE_SYS_MMAN_H 1
| #define HAVE_SYS_SOCKET_H 1
| #define HAVE_SYS_STAT_H 1
| #define HAVE_SYS_TIME_H 1
| #define HAVE_SYS_TYPES_H 1
| #define HAVE_UNISTD_H 1
| /* end confdefs.h.  */
| #include <stdio.h>
| #ifdef HAVE_SYS_TYPES_H
| # include <sys/types.h>
| #endif
| #ifdef HAVE_SYS_STAT_H
| # include <sys/stat.h>
| #endif
| #ifdef STDC_HEADERS
| # include <stdlib.h>
| # include <stddef.h>
| #else
| # ifdef HAVE_STDLIB_H
| #  include <stdlib.h>
| # endif
| #endif
| #ifdef HAVE_STRING_H
| # if !defined STDC_HEADERS && defined HAVE_MEMORY_H
| #  include <memory.h>
| # endif
| # include <string.h>
| #endif
| #ifdef HAVE_STRINGS_H
| # include <strings.h>
| #endif
| #ifdef HAVE_INTTYPES_H
| # include <inttypes.h>
| #endif
| #ifdef HAVE_STDINT_H
| # include <stdint.h>
| #endif
| #ifdef HAVE_UNISTD_H
| # include <unistd.h>
| #endif
| int
| main ()
| {
| if (sizeof ((unsigned __int128)))
| 	    return 0;
|   ;
|   return 0;
| }
configure:12616: result: yes
configure:12640: checking for boolean
configure:12640: gcc -c -g  -fms-extensions  conftest.c >&5
conftest.c: In function 'main':
conftest.c:81:13: error: 'boolean' undeclared (first use in this function)
 if (sizeof (boolean))
             ^
conftest.c:81:13: note: each undeclared identifier is reported only once for each function it appears in
configure:12640: $? = 1
configure: failed program was:
| /* confdefs.h */
| #define PACKAGE_NAME "libmaxminddb"
| #define PACKAGE_TARNAME "libmaxminddb"
| #define PACKAGE_VERSION "1.4.3"
| #define PACKAGE_STRING "libmaxminddb 1.4.3"
| #define PACKAGE_BUGREPORT "support@maxmind.com"
| #define PACKAGE_URL ""
| #define STDC_HEADERS 1
| #define HAVE_SYS_TYPES_H 1
| #define HAVE_SYS_STAT_H 1
| #define HAVE_STDLIB_H 1
| #define HAVE_STRING_H 1
| #define HAVE_MEMORY_H 1
| #define HAVE_STRINGS_H 1
| #define HAVE_INTTYPES_H 1
| #define HAVE_STDINT_H 1
| #define HAVE_UNISTD_H 1
| #define HAVE_DLFCN_H 1
| #define LT_OBJDIR ".libs/"
| #define PACKAGE "libmaxminddb"
| #define VERSION "1.4.3"
| #define restrict __restrict
| #define HAVE_ARPA_INET_H 1
| #define HAVE_ASSERT_H 1
| #define HAVE_FCNTL_H 1
| #define HAVE_INTTYPES_H 1
| #define HAVE_LIBGEN_H 1
| #define HAVE_MATH_H 1
| #define HAVE_NETDB_H 1
| #define HAVE_NETINET_IN_H 1
| #define HAVE_STDARG_H 1
| #define HAVE_STDBOOL_H 1
| #define HAVE_STDINT_H 1
| #define HAVE_STDIO_H 1
| #define HAVE_STDLIB_H 1
| #define HAVE_STRING_H 1
| #define HAVE_SYS_MMAN_H 1
| #define HAVE_SYS_SOCKET_H 1
| #define HAVE_SYS_STAT_H 1
| #define HAVE_SYS_TIME_H 1
| #define HAVE_SYS_TYPES_H 1
| #define HAVE_UNISTD_H 1
| #define MMDB_UINT128_IS_BYTE_ARRAY 0
| /* end confdefs.h.  */
| #include <stdio.h>
| #ifdef HAVE_SYS_TYPES_H
| # include <sys/types.h>
| #endif
| #ifdef HAVE_SYS_STAT_H
| # include <sys/stat.h>
| #endif
| #ifdef STDC_HEADERS
| # include <stdlib.h>
| # include <stddef.h>
| #else
| # ifdef HAVE_STDLIB_H
| #  include <stdlib.h>
| # endif
| #endif
| #ifdef HAVE_STRING_H
| # if !defined STDC_HEADERS && defined HAVE_MEMORY_H
| #  include <memory.h>
| # endif
| # include <string.h>
| #endif
| #ifdef HAVE_STRINGS_H
| # include <strings.h>
| #endif
| #ifdef HAVE_INTTYPES_H
| # include <inttypes.h>
| #endif
| #ifdef HAVE_STDINT_H
| # include <stdint.h>
| #endif
| #ifdef HAVE_UNISTD_H
| # include <unistd.h>
| #endif
| int
| main ()
| {
| if (sizeof (boolean))
| 	 return 0;
|   ;
|   return 0;
| }
configure:12640: result: no
configure:12654: checking for clock_gettime
configure:12654: gcc -o conftest -g  -fms-extensions   conftest.c  >&5
configure:12654: $? = 0
configure:12654: result: yes
configure:12654: checking for open_memstream
configure:12654: gcc -o conftest -g  -fms-extensions   conftest.c  >&5
configure:12654: $? = 0
configure:12654: result: yes
configure:12664: checking whether byte ordering is bigendian
configure:12679: gcc -c -g  -fms-extensions  conftest.c >&5
conftest.c:48:9: error: unknown type name 'not'
         not a universal capable compiler
         ^
conftest.c:48:15: error: expected '=', ',', ';', 'asm' or '__attribute__' before 'universal'
         not a universal capable compiler
               ^
conftest.c:48:15: error: unknown type name 'universal'
configure:12679: $? = 1
configure: failed program was:
| /* confdefs.h */
| #define PACKAGE_NAME "libmaxminddb"
| #define PACKAGE_TARNAME "libmaxminddb"
| #define PACKAGE_VERSION "1.4.3"
| #define PACKAGE_STRING "libmaxminddb 1.4.3"
| #define PACKAGE_BUGREPORT "support@maxmind.com"
| #define PACKAGE_URL ""
| #define STDC_HEADERS 1
| #define HAVE_SYS_TYPES_H 1
| #define HAVE_SYS_STAT_H 1
| #define HAVE_STDLIB_H 1
| #define HAVE_STRING_H 1
| #define HAVE_MEMORY_H 1
| #define HAVE_STRINGS_H 1
| #define HAVE_INTTYPES_H 1
| #define HAVE_STDINT_H 1
| #define HAVE_UNISTD_H 1
| #define HAVE_DLFCN_H 1
| #define LT_OBJDIR ".libs/"
| #define PACKAGE "libmaxminddb"
| #define VERSION "1.4.3"
| #define restrict __restrict
| #define HAVE_ARPA_INET_H 1
| #define HAVE_ASSERT_H 1
| #define HAVE_FCNTL_H 1
| #define HAVE_INTTYPES_H 1
| #define HAVE_LIBGEN_H 1
| #define HAVE_MATH_H 1
| #define HAVE_NETDB_H 1
| #define HAVE_NETINET_IN_H 1
| #define HAVE_STDARG_H 1
| #define HAVE_STDBOOL_H 1
| #define HAVE_STDINT_H 1
| #define HAVE_STDIO_H 1
| #define HAVE_STDLIB_H 1
| #define HAVE_STRING_H 1
| #define HAVE_SYS_MMAN_H 1
| #define HAVE_SYS_SOCKET_H 1
| #define HAVE_SYS_STAT_H 1
| #define HAVE_SYS_TIME_H 1
| #define HAVE_SYS_TYPES_H 1
| #define HAVE_UNISTD_H 1
| #define MMDB_UINT128_IS_BYTE_ARRAY 0
| #define HAVE_CLOCK_GETTIME 1
| #define HAVE_OPEN_MEMSTREAM 1
| /* end confdefs.h.  */
| #ifndef __APPLE_CC__
| 	       not a universal capable compiler
| 	     #endif
| 	     typedef int dummy;
| 
configure:12724: gcc -c -g  -fms-extensions  conftest.c >&5
configure:12724: $? = 0
configure:12742: gcc -c -g  -fms-extensions  conftest.c >&5
conftest.c: In function 'main':
conftest.c:54:4: error: unknown type name 'not'
    not big endian
    ^
conftest.c:54:12: error: expected '=', ',', ';', 'asm' or '__attribute__' before 'endian'
    not big endian
            ^
configure:12742: $? = 1
configure: failed program was:
| /* confdefs.h */
| #define PACKAGE_NAME "libmaxminddb"
| #define PACKAGE_TARNAME "libmaxminddb"
| #define PACKAGE_VERSION "1.4.3"
| #define PACKAGE_STRING "libmaxminddb 1.4.3"
| #define PACKAGE_BUGREPORT "support@maxmind.com"
| #define PACKAGE_URL ""
| #define STDC_HEADERS 1
| #define HAVE_SYS_TYPES_H 1
| #define HAVE_SYS_STAT_H 1
| #define HAVE_STDLIB_H 1
| #define HAVE_STRING_H 1
| #define HAVE_MEMORY_H 1
| #define HAVE_STRINGS_H 1
| #define HAVE_INTTYPES_H 1
| #define HAVE_STDINT_H 1
| #define HAVE_UNISTD_H 1
| #define HAVE_DLFCN_H 1
| #define LT_OBJDIR ".libs/"
| #define PACKAGE "libmaxminddb"
| #define VERSION "1.4.3"
| #define restrict __restrict
| #define HAVE_ARPA_INET_H 1
| #define HAVE_ASSERT_H 1
| #define HAVE_FCNTL_H 1
| #define HAVE_INTTYPES_H 1
| #define HAVE_LIBGEN_H 1
| #define HAVE_MATH_H 1
| #define HAVE_NETDB_H 1
| #define HAVE_NETINET_IN_H 1
| #define HAVE_STDARG_H 1
| #define HAVE_STDBOOL_H 1
| #define HAVE_STDINT_H 1
| #define HAVE_STDIO_H 1
| #define HAVE_STDLIB_H 1
| #define HAVE_STRING_H 1
| #define HAVE_SYS_MMAN_H 1
| #define HAVE_SYS_SOCKET_H 1
| #define HAVE_SYS_STAT_H 1
| #define HAVE_SYS_TIME_H 1
| #define HAVE_SYS_TYPES_H 1
| #define HAVE_UNISTD_H 1
| #define MMDB_UINT128_IS_BYTE_ARRAY 0
| #define HAVE_CLOCK_GETTIME 1
| #define HAVE_OPEN_MEMSTREAM 1
| /* end confdefs.h.  */
| #include <sys/types.h>
| 		#include <sys/param.h>
| 
| int
| main ()
| {
| #if BYTE_ORDER != BIG_ENDIAN
| 		 not big endian
| 		#endif
| 
|   ;
|   return 0;
| }
configure:12870: result: no
configure:12898: checking for stdlib.h
configure:12898: result: yes
configure:12898: checking for unistd.h
configure:12898: result: yes
configure:12898: checking for sys/param.h
configure:12898: gcc -c -g  -fms-extensions  conftest.c >&5
configure:12898: $? = 0
configure:12898: result: yes
configure:12918: checking for getpagesize
configure:12918: gcc -o conftest -g  -fms-extensions   conftest.c  >&5
configure:12918: $? = 0
configure:12918: result: yes
configure:12927: checking for working mmap
configure:13074: gcc -o conftest -g  -fms-extensions   conftest.c  >&5
configure:13074: $? = 0
configure:13074: ./conftest
configure:13074: $? = 0
configure:13084: result: yes
configure:13094: checking for library containing fabs
configure:13125: gcc -o conftest -g  -fms-extensions   conftest.c  >&5
conftest.c:60:6: warning: conflicting types for built-in function 'fabs'
 char fabs ();
      ^
/tmp/ccltbH90.o: In function `main':
/home/nopnotme/dev/remod-sauerbraten/src/mod/libmaxminddb/conftest.c:64: undefined reference to `fabs'
collect2: error: ld returned 1 exit status
configure:13125: $? = 1
configure: failed program was:
| /* confdefs.h */
| #define PACKAGE_NAME "libmaxminddb"
| #define PACKAGE_TARNAME "libmaxminddb"
| #define PACKAGE_VERSION "1.4.3"
| #define PACKAGE_STRING "libmaxminddb 1.4.3"
| #define PACKAGE_BUGREPORT "support@maxmind.com"
| #define PACKAGE_URL ""
| #define STDC_HEADERS 1
| #define HAVE_SYS_TYPES_H 1
| #define HAVE_SYS_STAT_H 1
| #define HAVE_STDLIB_H 1
| #define HAVE_STRING_H 1
| #define HAVE_MEMORY_H 1
| #define HAVE_STRINGS_H 1
| #define HAVE_INTTYPES_H 1
| #define HAVE_STDINT_H 1
| #define HAVE_UNISTD_H 1
| #define HAVE_DLFCN_H 1
| #define LT_OBJDIR ".libs/"
| #define PACKAGE "libmaxminddb"
| #define VERSION "1.4.3"
| #define restrict __restrict
| #define HAVE_ARPA_INET_H 1
| #define HAVE_ASSERT_H 1
| #define HAVE_FCNTL_H 1
| #define HAVE_INTTYPES_H 1
| #define HAVE_LIBGEN_H 1
| #define HAVE_MATH_H 1
| #define HAVE_NETDB_H 1
| #define HAVE_NETINET_IN_H 1
| #define HAVE_STDARG_H 1
| #define HAVE_STDBOOL_H 1
| #define HAVE_STDINT_H 1
| #define HAVE_STDIO_H 1
| #define HAVE_STDLIB_H 1
| #define HAVE_STRING_H 1
| #define HAVE_SYS_MMAN_H 1
| #define HAVE_SYS_SOCKET_H 1
| #define HAVE_SYS_STAT_H 1
| #define HAVE_SYS_TIME_H 1
| #define HAVE_SYS_TYPES_H 1
| #define HAVE_UNISTD_H 1
| #define MMDB_UINT128_IS_BYTE_ARRAY 0
| #define HAVE_CLOCK_GETTIME 1
| #define HAVE_OPEN_MEMSTREAM 1
| #define MMDB_LITTLE_ENDIAN 1
| #define HAVE_STDLIB_H 1
| #define HAVE_UNISTD_H 1
| #define HAVE_SYS_PARAM_H 1
| #define HAVE_GETPAGESIZE 1
| #define HAVE_MMAP 1
| /* end confdefs.h.  */
| 
| /* Override any GCC internal prototype to avoid an error.
|    Use char because int might match the return type of a GCC
|    builtin and then its argument prototype would still apply.  */
| #ifdef __cplusplus
| extern "C"
| #endif
| char fabs ();
| int
| main ()
| {
| return fabs ();
|   ;
|   return 0;
| }
configure:13125: gcc -o conftest -g  -fms-extensions   conftest.c -lm   >&5
conftest.c:60:6: warning: conflicting types for built-in function 'fabs'
 char fabs ();
      ^
configure:13125: $? = 0
configure:13142: result: -lm
configure:13150: checking for library containing fabsf
configure:13181: gcc -o conftest -g  -fms-extensions   conftest.c -lm  >&5
conftest.c:60:6: warning: conflicting types for built-in function 'fabsf'
 char fabsf ();
      ^
configure:13181: $? = 0
configure:13198: result: none required
configure:13206: checking for library containing getaddrinfo
configure:13237: gcc -o conftest -g  -fms-extensions   conftest.c -lm  >&5
configure:13237: $? = 0
configure:13254: result: none required
configure:13426: checking that generated files are newer than configure
configure:13432: result: done
configure:13472: creating ./config.status

## ---------------------- ##
## Running config.status. ##
## ---------------------- ##

This file was extended by libmaxminddb config.status 1.4.3, which was
generated by GNU Autoconf 2.69.  Invocation command line was

  CONFIG_FILES    = 
  CONFIG_HEADERS  = 
  CONFIG_LINKS    = 
  CONFIG_COMMANDS = 
  $ ./config.status 

on nopnotme

config.status:1131: creating src/libmaxminddb.pc
config.status:1131: creating Makefile
config.status:1131: creating src/Makefile
config.status:1131: creating bin/Makefile
config.status:1131: creating t/Makefile
config.status:1131: creating config.h
config.status:1131: creating include/maxminddb_config.h
config.status:1360: executing libtool commands
config.status:1360: executing depfiles commands

## ---------------- ##
## Cache variables. ##
## ---------------- ##

ac_cv_build=x86_64-pc-linux-gnu
ac_cv_c_bigendian=no
ac_cv_c_compiler_gnu=yes
ac_cv_c_restrict=__restrict
ac_cv_c_uint32_t=yes
ac_cv_c_uint64_t=yes
ac_cv_c_uint8_t=yes
ac_cv_env_CC_set=
ac_cv_env_CC_value=
ac_cv_env_CFLAGS_set=
ac_cv_env_CFLAGS_value=
ac_cv_env_CPPFLAGS_set=
ac_cv_env_CPPFLAGS_value=
ac_cv_env_CPP_set=
ac_cv_env_CPP_value=
ac_cv_env_LDFLAGS_set=
ac_cv_env_LDFLAGS_value=
ac_cv_env_LIBS_set=
ac_cv_env_LIBS_value=
ac_cv_env_LT_SYS_LIBRARY_PATH_set=
ac_cv_env_LT_SYS_LIBRARY_PATH_value=
ac_cv_env_PKG_CONFIG_LIBDIR_set=
ac_cv_env_PKG_CONFIG_LIBDIR_value=
ac_cv_env_PKG_CONFIG_PATH_set=
ac_cv_env_PKG_CONFIG_PATH_value=
ac_cv_env_PKG_CONFIG_set=
ac_cv_env_PKG_CONFIG_value=
ac_cv_env_build_alias_set=
ac_cv_env_build_alias_value=
ac_cv_env_host_alias_set=set
ac_cv_env_host_alias_value=x86_64-pc-linux-gnu
ac_cv_env_target_alias_set=
ac_cv_env_target_alias_value=
ac_cv_func_clock_gettime=yes
ac_cv_func_getpagesize=yes
ac_cv_func_mmap_fixed_mapped=yes
ac_cv_func_open_memstream=yes
ac_cv_header_arpa_inet_h=yes
ac_cv_header_assert_h=yes
ac_cv_header_dlfcn_h=yes
ac_cv_header_fcntl_h=yes
ac_cv_header_inttypes_h=yes
ac_cv_header_libgen_h=yes
ac_cv_header_math_h=yes
ac_cv_header_memory_h=yes
ac_cv_header_netdb_h=yes
ac_cv_header_netinet_in_h=yes
ac_cv_header_stdarg_h=yes
ac_cv_header_stdbool_h=yes
ac_cv_header_stdc=yes
ac_cv_header_stdint_h=yes
ac_cv_header_stdio_h=yes
ac_cv_header_stdlib_h=yes
ac_cv_header_string_h=yes
ac_cv_header_strings_h=yes
ac_cv_header_sys_mman_h=yes
ac_cv_header_sys_param_h=yes
ac_cv_header_sys_socket_h=yes
ac_cv_header_sys_stat_h=yes
ac_cv_header_sys_time_h=yes
ac_cv_header_sys_types_h=yes
ac_cv_header_unistd_h=yes
ac_cv_host=x86_64-pc-linux-gnu
ac_cv_objext=o
ac_cv_path_EGREP='/bin/grep -E'
ac_cv_path_FGREP='/bin/grep -F'
ac_cv_path_GREP=/bin/grep
ac_cv_path_PKG_CONFIG=/usr/bin/x86_64-pc-linux-gnu-pkg-config
ac_cv_path_SED=/bin/sed
ac_cv_path_install='/usr/bin/install -c'
ac_cv_path_lt_DD=/bin/dd
ac_cv_path_mkdir=/bin/mkdir
ac_cv_prog_AWK=gawk
ac_cv_prog_CPP='gcc -E'
ac_cv_prog_ac_ct_AR=ar
ac_cv_prog_ac_ct_CC=gcc
ac_cv_prog_ac_ct_MANIFEST_TOOL=mt
ac_cv_prog_ac_ct_OBJDUMP=objdump
ac_cv_prog_ac_ct_RANLIB=ranlib
ac_cv_prog_ac_ct_STRIP=strip
ac_cv_prog_cc_c89=
ac_cv_prog_cc_c99=
ac_cv_prog_cc_g=yes
ac_cv_prog_make_make_set=yes
ac_cv_search_fabs=-lm
ac_cv_search_fabsf='none required'
ac_cv_search_getaddrinfo='none required'
ac_cv_type_boolean=no
ac_cv_type_off_t=yes
ac_cv_type_size_t=yes
ac_cv_type_ssize_t=yes
ac_cv_type_unsigned___int128=yes
am_cv_CC_dependencies_compiler_type=gcc3
am_cv_make_support_nested_variables=yes
am_cv_prog_cc_c_o=yes
lt_cv_ar_at_file=@
lt_cv_deplibs_check_method=pass_all
lt_cv_file_magic_cmd='$MAGIC_CMD'
lt_cv_file_magic_test_file=
lt_cv_ld_reload_flag=-r
lt_cv_nm_interface='BSD nm'
lt_cv_objdir=.libs
lt_cv_path_LD=/usr/bin/ld
lt_cv_path_NM='/usr/bin/nm -B'
lt_cv_path_mainfest_tool=no
lt_cv_prog_compiler_c_o=yes
lt_cv_prog_compiler_pic='-fPIC -DPIC'
lt_cv_prog_compiler_pic_works=yes
lt_cv_prog_compiler_rtti_exceptions=no
lt_cv_prog_compiler_static_works=yes
lt_cv_prog_gnu_ld=yes
lt_cv_sharedlib_from_linklib_cmd='printf %s\n'
lt_cv_shlibpath_overrides_runpath=no
lt_cv_sys_global_symbol_pipe='sed -n -e '\''s/^.*[	 ]\([ABCDGIRSTW][ABCDGIRSTW]*\)[	 ][	 ]*\([_A-Za-z][_A-Za-z0-9]*\)$/\1 \2 \2/p'\'' | sed '\''/ __gnu_lto/d'\'''
lt_cv_sys_global_symbol_to_c_name_address='sed -n -e '\''s/^: \(.*\) .*$/  {"\1", (void *) 0},/p'\'' -e '\''s/^[ABCDGIRSTW][ABCDGIRSTW]* .* \(.*\)$/  {"\1", (void *) \&\1},/p'\'''
lt_cv_sys_global_symbol_to_c_name_address_lib_prefix='sed -n -e '\''s/^: \(.*\) .*$/  {"\1", (void *) 0},/p'\'' -e '\''s/^[ABCDGIRSTW][ABCDGIRSTW]* .* \(lib.*\)$/  {"\1", (void *) \&\1},/p'\'' -e '\''s/^[ABCDGIRSTW][ABCDGIRSTW]* .* \(.*\)$/  {"lib\1", (void *) \&\1},/p'\'''
lt_cv_sys_global_symbol_to_cdecl='sed -n -e '\''s/^T .* \(.*\)$/extern int \1();/p'\'' -e '\''s/^[ABCDGIRSTW][ABCDGIRSTW]* .* \(.*\)$/extern char \1;/p'\'''
lt_cv_sys_global_symbol_to_import=
lt_cv_sys_max_cmd_len=1572864
lt_cv_to_host_file_cmd=func_convert_file_noop
lt_cv_to_tool_file_cmd=func_convert_file_noop
lt_cv_truncate_bin='/bin/dd bs=4096 count=1'

## ----------------- ##
## Output variables. ##
## ----------------- ##

ACLOCAL='${SHELL} /home/nopnotme/dev/remod-sauerbraten/src/mod/libmaxminddb/missing aclocal-1.15'
AMDEPBACKSLASH='\'
AMDEP_FALSE='#'
AMDEP_TRUE=''
AMTAR='$${TAR-tar}'
AM_BACKSLASH='\'
AM_DEFAULT_V='$(AM_DEFAULT_VERBOSITY)'
AM_DEFAULT_VERBOSITY='1'
AM_V='$(V)'
AR='ar'
AUTOCONF='${SHELL} /home/nopnotme/dev/remod-sauerbraten/src/mod/libmaxminddb/missing autoconf'
AUTOHEADER='${SHELL} /home/nopnotme/dev/remod-sauerbraten/src/mod/libmaxminddb/missing autoheader'
AUTOMAKE='${SHELL} /home/nopnotme/dev/remod-sauerbraten/src/mod/libmaxminddb/missing automake-1.15'
AWK='gawk'
BINARIES_FALSE=''
BINARIES_TRUE='#'
CC='gcc'
CCDEPMODE='depmode=gcc3'
CFLAGS='-g  -fms-extensions'
CPP='gcc -E'
CPPFLAGS=''
CYGPATH_W='echo'
DEBUG_FALSE=''
DEBUG_TRUE='#'
DEFS='-DHAVE_CONFIG_H'
DEPDIR='.deps'
DLLTOOL='false'
DSYMUTIL=''
DUMPBIN=''
ECHO_C=''
ECHO_N='-n'
ECHO_T=''
EGREP='/bin/grep -E'
EXEEXT=''
FGREP='/bin/grep -F'
GREP='/bin/grep'
INSTALL_DATA='${INSTALL} -m 644'
INSTALL_PROGRAM='${INSTALL}'
INSTALL_SCRIPT='${INSTALL}'
INSTALL_STRIP_PROGRAM='$(install_sh) -c -s'
LD='/usr/bin/ld -m elf_x86_64'
LDFLAGS=''
LIBOBJS=''
LIBS='-lm '
LIBTOOL='$(SHELL) $(top_builddir)/libtool'
LIPO=''
LN_S='ln -s'
LTLIBOBJS=''
LT_SYS_LIBRARY_PATH=''
MAKEINFO='${SHELL} /home/nopnotme/dev/remod-sauerbraten/src/mod/libmaxminddb/missing makeinfo'
MANIFEST_TOOL=':'
MKDIR_P='/bin/mkdir -p'
NM='/usr/bin/nm -B'
NMEDIT=''
OBJDUMP='objdump'
OBJEXT='o'
OTOOL64=''
OTOOL=''
PACKAGE='libmaxminddb'
PACKAGE_BUGREPORT='support@maxmind.com'
PACKAGE_NAME='libmaxminddb'
PACKAGE_STRING='libmaxminddb 1.4.3'
PACKAGE_TARNAME='libmaxminddb'
PACKAGE_URL=''
PACKAGE_VERSION='1.4.3'
PATH_SEPARATOR=':'
PKG_CONFIG='/usr/bin/x86_64-pc-linux-gnu-pkg-config'
PKG_CONFIG_LIBDIR=''
PKG_CONFIG_PATH=''
RANLIB='ranlib'
SED='/bin/sed'
SET_MAKE=''
SHELL='/bin/bash'
STRIP='strip'
TESTS_FALSE=''
TESTS_TRUE='#'
VERSION='1.4.3'
WINDOWS_FALSE=''
WINDOWS_TRUE='#'
ac_ct_AR='ar'
ac_ct_CC='gcc'
ac_ct_DUMPBIN=''
am__EXEEXT_FALSE=''
am__EXEEXT_TRUE='#'
am__fastdepCC_FALSE='#'
am__fastdepCC_TRUE=''
am__include='include'
am__isrc=''
am__leading_dot='.'
am__nodep='_no'
am__quote=''
am__tar='$${TAR-tar} chof - "$$tardir"'
am__untar='$${TAR-tar} xf -'
bindir='${exec_prefix}/bin'
build='x86_64-pc-linux-gnu'
build_alias=''
build_cpu='x86_64'
build_os='linux-gnu'
build_vendor='pc'
datadir='${datarootdir}'
datarootdir='${prefix}/share'
docdir='${datarootdir}/doc/${PACKAGE_TARNAME}'
dvidir='${docdir}'
exec_prefix='${prefix}'
host='x86_64-pc-linux-gnu'
host_alias='x86_64-pc-linux-gnu'
host_cpu='x86_64'
host_os='linux-gnu'
host_vendor='pc'
htmldir='${docdir}'
includedir='${prefix}/include'
infodir='${datarootdir}/info'
install_sh='${SHELL} /home/nopnotme/dev/remod-sauerbraten/src/mod/libmaxminddb/install-sh'
libdir='${exec_prefix}/lib'
libexecdir='${exec_prefix}/libexec'
localedir='${datarootdir}/locale'
localstatedir='${prefix}/var'
mandir='${datarootdir}/man'
mkdir_p='$(MKDIR_P)'
oldincludedir='/usr/include'
pdfdir='${docdir}'
pkgconfigdir='${libdir}/pkgconfig'
prefix='/usr/local'
program_transform_name='s,x,x,'
psdir='${docdir}'
runstatedir='${localstatedir}/run'
sbindir='${exec_prefix}/sbin'
sharedstatedir='${prefix}/com'
sysconfdir='${prefix}/etc'
target_alias=''

## ----------- ##
## confdefs.h. ##
## ----------- ##

/* confdefs.h */
#define PACKAGE_NAME "libmaxminddb"
#define PACKAGE_TARNAME "libmaxminddb"
#define PACKAGE_VERSION "1.4.3"
#define PACKAGE_STRING "libmaxminddb 1.4.3"
#define PACKAGE_BUGREPORT "support@maxmind.com"
#define PACKAGE_URL ""
#define STDC_HEADERS 1
#define HAVE_SYS_TYPES_H 1
#define HAVE_SYS_STAT_H 1
#define HAVE_STDLIB_H 1
#define HAVE_STRING_H 1
#define HAVE_MEMORY_H 1
#define HAVE_STRINGS_H 1
#define HAVE_INTTYPES_H 1
#define HAVE_STDINT_H 1
#define HAVE_UNISTD_H 1
#define HAVE_DLFCN_H 1
#define LT_OBJDIR ".libs/"
#define PACKAGE "libmaxminddb"
#define VERSION "1.4.3"
#define restrict __restrict
#define HAVE_ARPA_INET_H 1
#define HAVE_ASSERT_H 1
#define HAVE_FCNTL_H 1
#define HAVE_INTTYPES_H 1
#define HAVE_LIBGEN_H 1
#define HAVE_MATH_H 1
#define HAVE_NETDB_H 1
#define HAVE_NETINET_IN_H 1
#define HAVE_STDARG_H 1
#define HAVE_STDBOOL_H 1
#define HAVE_STDINT_H 1
#define HAVE_STDIO_H 1
#define HAVE_STDLIB_H 1
#define HAVE_STRING_H 1
#define HAVE_SYS_MMAN_H 1
#define HAVE_SYS_SOCKET_H 1
#define HAVE_SYS_STAT_H 1
#define HAVE_SYS_TIME_H 1
#define HAVE_SYS_TYPES_H 1
#define HAVE_UNISTD_H 1
#define MMDB_UINT128_IS_BYTE_ARRAY 0
#define HAVE_CLOCK_GETTIME 1
#define HAVE_OPEN_MEMSTREAM 1
#define MMDB_LITTLE_ENDIAN 1
#define HAVE_STDLIB_H 1
#define HAVE_UNISTD_H 1
#define HAVE_SYS_PARAM_H 1
#define HAVE_GETPAGESIZE 1
#define HAVE_MMAP 1

configure: exit 0
